<?xml version="1.0" encoding="UTF-8"?>
<testng-results ignored="0" total="1" passed="1" failed="0" skipped="0">
  <reporter-output>
  </reporter-output>
  <suite started-at="2024-09-19T17:30:17 BDT" name="Default suite" finished-at="2024-09-19T17:30:27 BDT" duration-ms="9812">
    <groups>
    </groups>
    <test started-at="2024-09-19T17:30:17 BDT" name="Default test" finished-at="2024-09-19T17:30:27 BDT" duration-ms="9812">
      <class name="keyWorkDrivenFramework.Login_Test">
        <test-method is-config="true" signature="openMayoClinic()[pri:0, instance:keyWorkDrivenFramework.Login_Test@36902638]" started-at="2024-09-19T17:30:17 BDT" name="openMayoClinic" finished-at="2024-09-19T17:30:25 BDT" duration-ms="7654" status="PASS">
          <reporter-output>
          </reporter-output>
        </test-method> <!-- openMayoClinic -->
        <test-method signature="ValidCreateAccount()[pri:0, instance:keyWorkDrivenFramework.Login_Test@36902638]" started-at="2024-09-19T17:30:25 BDT" name="ValidCreateAccount" finished-at="2024-09-19T17:30:26 BDT" duration-ms="1841" status="PASS">
          <reporter-output>
          </reporter-output>
        </test-method> <!-- ValidCreateAccount -->
        <test-method is-config="true" signature="CloseMayoClinic()[pri:0, instance:keyWorkDrivenFramework.Login_Test@36902638]" started-at="2024-09-19T17:30:26 BDT" name="CloseMayoClinic" finished-at="2024-09-19T17:30:27 BDT" duration-ms="240" status="PASS">
          <reporter-output>
          </reporter-output>
        </test-method> <!-- CloseMayoClinic -->
      </class> <!-- keyWorkDrivenFramework.Login_Test -->
    </test> <!-- Default test -->
  </suite> <!-- Default suite -->
</testng-results>
